mode: set
github.com/learngo/nomadcoin/utils/utils.go:16.27,17.16 1 1
github.com/learngo/nomadcoin/utils/utils.go:17.16,19.3 1 1
github.com/learngo/nomadcoin/utils/utils.go:22.36,27.2 4 1
github.com/learngo/nomadcoin/utils/utils.go:30.44,33.2 2 1
github.com/learngo/nomadcoin/utils/utils.go:36.33,40.2 3 1
github.com/learngo/nomadcoin/utils/utils.go:42.51,44.20 2 1
github.com/learngo/nomadcoin/utils/utils.go:47.2,47.13 1 1
github.com/learngo/nomadcoin/utils/utils.go:44.20,46.3 1 1
github.com/learngo/nomadcoin/utils/utils.go:50.35,54.2 3 1
github.com/learngo/nomadcoin/wallet/wallet.go:25.35,28.2 2 0
github.com/learngo/nomadcoin/wallet/wallet.go:30.74,32.2 1 0
github.com/learngo/nomadcoin/wallet/wallet.go:34.52,36.2 1 0
github.com/learngo/nomadcoin/wallet/wallet.go:51.39,55.2 3 1
github.com/learngo/nomadcoin/wallet/wallet.go:57.40,62.2 4 1
github.com/learngo/nomadcoin/wallet/wallet.go:64.43,70.2 5 1
github.com/learngo/nomadcoin/wallet/wallet.go:72.40,75.2 2 1
github.com/learngo/nomadcoin/wallet/wallet.go:77.42,79.2 1 1
github.com/learngo/nomadcoin/wallet/wallet.go:81.45,87.2 5 1
github.com/learngo/nomadcoin/wallet/wallet.go:89.65,91.17 2 1
github.com/learngo/nomadcoin/wallet/wallet.go:94.2,99.26 6 1
github.com/learngo/nomadcoin/wallet/wallet.go:91.17,93.3 1 1
github.com/learngo/nomadcoin/wallet/wallet.go:102.54,116.2 9 1
github.com/learngo/nomadcoin/wallet/wallet.go:118.23,119.14 1 1
github.com/learngo/nomadcoin/wallet/wallet.go:130.2,130.10 1 1
github.com/learngo/nomadcoin/wallet/wallet.go:119.14,121.28 2 1
github.com/learngo/nomadcoin/wallet/wallet.go:128.3,128.35 1 1
github.com/learngo/nomadcoin/wallet/wallet.go:121.28,123.4 1 1
github.com/learngo/nomadcoin/wallet/wallet.go:123.9,127.4 3 1
