mode: set
github.com/learngo/nomadcoin/utils/utils.go:16.27,17.16 1 1
github.com/learngo/nomadcoin/utils/utils.go:17.16,19.3 1 1
github.com/learngo/nomadcoin/utils/utils.go:22.36,27.2 4 1
github.com/learngo/nomadcoin/utils/utils.go:30.44,33.2 2 1
github.com/learngo/nomadcoin/utils/utils.go:36.33,40.2 3 1
github.com/learngo/nomadcoin/utils/utils.go:42.51,44.20 2 1
github.com/learngo/nomadcoin/utils/utils.go:47.2,47.13 1 1
github.com/learngo/nomadcoin/utils/utils.go:44.20,46.3 1 1
github.com/learngo/nomadcoin/utils/utils.go:50.35,54.2 3 1
github.com/learngo/nomadcoin/wallet/wallet.go:25.35,28.2 2 0
github.com/learngo/nomadcoin/wallet/wallet.go:30.74,32.2 1 0
github.com/learngo/nomadcoin/wallet/wallet.go:34.52,36.2 1 0
github.com/learngo/nomadcoin/wallet/wallet.go:51.39,55.2 3 1
github.com/learngo/nomadcoin/wallet/wallet.go:57.40,62.2 4 1
github.com/learngo/nomadcoin/wallet/wallet.go:64.43,70.2 5 1
github.com/learngo/nomadcoin/wallet/wallet.go:72.40,75.2 2 1
github.com/learngo/nomadcoin/wallet/wallet.go:77.42,79.2 1 1
github.com/learngo/nomadcoin/wallet/wallet.go:81.45,87.2 5 1
github.com/learngo/nomadcoin/wallet/wallet.go:89.65,91.17 2 1
github.com/learngo/nomadcoin/wallet/wallet.go:94.2,99.26 6 1
github.com/learngo/nomadcoin/wallet/wallet.go:91.17,93.3 1 1
github.com/learngo/nomadcoin/wallet/wallet.go:102.54,116.2 9 1
github.com/learngo/nomadcoin/wallet/wallet.go:118.23,119.14 1 1
github.com/learngo/nomadcoin/wallet/wallet.go:130.2,130.10 1 1
github.com/learngo/nomadcoin/wallet/wallet.go:119.14,121.28 2 1
github.com/learngo/nomadcoin/wallet/wallet.go:128.3,128.35 1 1
github.com/learngo/nomadcoin/wallet/wallet.go:121.28,123.4 1 1
github.com/learngo/nomadcoin/wallet/wallet.go:123.9,127.4 3 1
github.com/learngo/nomadcoin/blockchain/block.go:23.29,25.2 1 0
github.com/learngo/nomadcoin/blockchain/block.go:29.38,31.2 1 0
github.com/learngo/nomadcoin/blockchain/block.go:33.45,35.23 2 0
github.com/learngo/nomadcoin/blockchain/block.go:38.2,40.19 3 0
github.com/learngo/nomadcoin/blockchain/block.go:35.23,37.3 1 0
github.com/learngo/nomadcoin/blockchain/block.go:43.24,45.6 2 0
github.com/learngo/nomadcoin/blockchain/block.go:45.6,48.38 3 0
github.com/learngo/nomadcoin/blockchain/block.go:48.38,50.9 2 0
github.com/learngo/nomadcoin/blockchain/block.go:51.9,53.4 1 0
github.com/learngo/nomadcoin/blockchain/block.go:57.59,69.2 5 0
github.com/learngo/nomadcoin/blockchain/chain.go:29.43,31.2 1 0
github.com/learngo/nomadcoin/blockchain/chain.go:33.39,40.2 6 0
github.com/learngo/nomadcoin/blockchain/chain.go:42.37,47.6 5 0
github.com/learngo/nomadcoin/blockchain/chain.go:56.2,56.15 1 0
github.com/learngo/nomadcoin/blockchain/chain.go:47.6,50.27 3 0
github.com/learngo/nomadcoin/blockchain/chain.go:50.27,52.4 1 0
github.com/learngo/nomadcoin/blockchain/chain.go:52.9,53.9 1 0
github.com/learngo/nomadcoin/blockchain/chain.go:59.31,61.34 2 0
github.com/learngo/nomadcoin/blockchain/chain.go:64.2,64.12 1 0
github.com/learngo/nomadcoin/blockchain/chain.go:61.34,63.3 1 0
github.com/learngo/nomadcoin/blockchain/chain.go:67.49,68.28 1 0
github.com/learngo/nomadcoin/blockchain/chain.go:73.2,73.12 1 0
github.com/learngo/nomadcoin/blockchain/chain.go:68.28,69.24 1 0
github.com/learngo/nomadcoin/blockchain/chain.go:69.24,71.4 1 0
github.com/learngo/nomadcoin/blockchain/chain.go:76.47,82.48 6 0
github.com/learngo/nomadcoin/blockchain/chain.go:87.2,87.28 1 0
github.com/learngo/nomadcoin/blockchain/chain.go:82.48,84.3 1 0
github.com/learngo/nomadcoin/blockchain/chain.go:84.8,84.55 1 0
github.com/learngo/nomadcoin/blockchain/chain.go:84.55,86.3 1 0
github.com/learngo/nomadcoin/blockchain/chain.go:90.39,91.19 1 0
github.com/learngo/nomadcoin/blockchain/chain.go:91.19,93.3 1 0
github.com/learngo/nomadcoin/blockchain/chain.go:93.8,93.47 1 0
github.com/learngo/nomadcoin/blockchain/chain.go:93.47,95.3 1 0
github.com/learngo/nomadcoin/blockchain/chain.go:95.8,97.3 1 0
github.com/learngo/nomadcoin/blockchain/chain.go:100.64,103.34 3 0
github.com/learngo/nomadcoin/blockchain/chain.go:127.2,127.16 1 0
github.com/learngo/nomadcoin/blockchain/chain.go:103.34,104.41 1 0
github.com/learngo/nomadcoin/blockchain/chain.go:104.41,105.35 1 0
github.com/learngo/nomadcoin/blockchain/chain.go:113.4,113.41 1 0
github.com/learngo/nomadcoin/blockchain/chain.go:105.35,106.38 1 0
github.com/learngo/nomadcoin/blockchain/chain.go:109.5,109.69 1 0
github.com/learngo/nomadcoin/blockchain/chain.go:106.38,107.11 1 0
github.com/learngo/nomadcoin/blockchain/chain.go:109.69,111.6 1 0
github.com/learngo/nomadcoin/blockchain/chain.go:113.41,114.34 1 0
github.com/learngo/nomadcoin/blockchain/chain.go:114.34,115.41 1 0
github.com/learngo/nomadcoin/blockchain/chain.go:115.41,117.31 2 0
github.com/learngo/nomadcoin/blockchain/chain.go:117.31,119.8 1 0
github.com/learngo/nomadcoin/blockchain/chain.go:130.58,133.31 3 0
github.com/learngo/nomadcoin/blockchain/chain.go:136.2,136.15 1 0
github.com/learngo/nomadcoin/blockchain/chain.go:133.31,135.3 1 0
github.com/learngo/nomadcoin/blockchain/chain.go:139.39,141.2 1 0
github.com/learngo/nomadcoin/blockchain/chain.go:143.31,144.17 1 0
github.com/learngo/nomadcoin/blockchain/chain.go:155.2,155.10 1 0
github.com/learngo/nomadcoin/blockchain/chain.go:144.17,149.24 3 0
github.com/learngo/nomadcoin/blockchain/chain.go:149.24,151.4 1 0
github.com/learngo/nomadcoin/blockchain/chain.go:151.9,153.4 1 0
github.com/learngo/nomadcoin/blockchain/chain.go:158.52,162.2 3 0
github.com/learngo/nomadcoin/blockchain/chain.go:164.50,172.34 8 0
github.com/learngo/nomadcoin/blockchain/chain.go:172.34,174.3 1 0
github.com/learngo/nomadcoin/blockchain/chain.go:177.52,187.43 10 0
github.com/learngo/nomadcoin/blockchain/chain.go:187.43,189.9 2 0
github.com/learngo/nomadcoin/blockchain/chain.go:189.9,191.4 1 0
github.com/learngo/nomadcoin/blockchain/transactions.go:24.25,25.20 1 0
github.com/learngo/nomadcoin/blockchain/transactions.go:30.2,30.10 1 0
github.com/learngo/nomadcoin/blockchain/transactions.go:25.20,29.3 1 0
github.com/learngo/nomadcoin/blockchain/transactions.go:57.22,59.2 1 0
github.com/learngo/nomadcoin/blockchain/transactions.go:61.21,62.31 1 0
github.com/learngo/nomadcoin/blockchain/transactions.go:62.31,64.3 1 0
github.com/learngo/nomadcoin/blockchain/transactions.go:67.28,69.32 2 0
github.com/learngo/nomadcoin/blockchain/transactions.go:81.2,81.14 1 0
github.com/learngo/nomadcoin/blockchain/transactions.go:69.32,71.20 2 0
github.com/learngo/nomadcoin/blockchain/transactions.go:75.3,77.13 3 0
github.com/learngo/nomadcoin/blockchain/transactions.go:71.20,73.9 2 0
github.com/learngo/nomadcoin/blockchain/transactions.go:77.13,78.9 1 0
github.com/learngo/nomadcoin/blockchain/transactions.go:84.39,87.35 2 0
github.com/learngo/nomadcoin/blockchain/transactions.go:95.2,95.15 1 0
github.com/learngo/nomadcoin/blockchain/transactions.go:87.35,88.34 1 0
github.com/learngo/nomadcoin/blockchain/transactions.go:88.34,89.65 1 0
github.com/learngo/nomadcoin/blockchain/transactions.go:89.65,91.16 2 0
github.com/learngo/nomadcoin/blockchain/transactions.go:98.41,113.2 5 0
github.com/learngo/nomadcoin/blockchain/transactions.go:118.55,119.51 1 0
github.com/learngo/nomadcoin/blockchain/transactions.go:122.2,126.33 5 0
github.com/learngo/nomadcoin/blockchain/transactions.go:134.2,134.43 1 0
github.com/learngo/nomadcoin/blockchain/transactions.go:138.2,149.12 7 0
github.com/learngo/nomadcoin/blockchain/transactions.go:152.2,152.16 1 0
github.com/learngo/nomadcoin/blockchain/transactions.go:119.51,121.3 1 0
github.com/learngo/nomadcoin/blockchain/transactions.go:126.33,127.22 1 0
github.com/learngo/nomadcoin/blockchain/transactions.go:130.3,132.25 3 0
github.com/learngo/nomadcoin/blockchain/transactions.go:127.22,128.9 1 0
github.com/learngo/nomadcoin/blockchain/transactions.go:134.43,137.3 2 0
github.com/learngo/nomadcoin/blockchain/transactions.go:149.12,151.3 1 0
github.com/learngo/nomadcoin/blockchain/transactions.go:155.61,157.16 2 0
github.com/learngo/nomadcoin/blockchain/transactions.go:160.2,161.16 2 0
github.com/learngo/nomadcoin/blockchain/transactions.go:157.16,159.3 1 0
github.com/learngo/nomadcoin/blockchain/transactions.go:164.39,167.27 3 0
github.com/learngo/nomadcoin/blockchain/transactions.go:170.2,172.12 3 0
github.com/learngo/nomadcoin/blockchain/transactions.go:167.27,169.3 1 0
github.com/learngo/nomadcoin/blockchain/transactions.go:175.37,180.2 3 0
